
*** Running vivado
    with args -log bd_db91_eth_buf_0.vds -m64 -product Vivado -mode batch -messageDb vivado.pb -notrace -source bd_db91_eth_buf_0.tcl


****** Vivado v2019.1 (64-bit)
  **** SW Build 2552052 on Fri May 24 14:49:42 MDT 2019
  **** IP Build 2548770 on Fri May 24 18:01:18 MDT 2019
    ** Copyright 1986-2019 Xilinx, Inc. All Rights Reserved.

source bd_db91_eth_buf_0.tcl -notrace
Command: synth_design -top bd_db91_eth_buf_0 -part xc7a100tcsg324-1 -mode out_of_context
Starting synth_design
Attempting to get a license for feature 'Synthesis' and/or device 'xc7a100t'
INFO: [Common 17-349] Got license for feature 'Synthesis' and/or device 'xc7a100t'
INFO: [Device 21-403] Loading part xc7a100tcsg324-1
INFO: Launching helper process for spawning children vivado processes
INFO: Helper process launched with PID 22120 
---------------------------------------------------------------------------------
Starting RTL Elaboration : Time (s): cpu = 00:00:10 ; elapsed = 00:00:12 . Memory (MB): peak = 949.641 ; gain = 177.660
---------------------------------------------------------------------------------
INFO: [Synth 8-638] synthesizing module 'bd_db91_eth_buf_0' [x:/My Documents/SeniorDesign/CyberTap/CyberTap.srcs/sources_1/bd/Ethernet/ip/Ethernet_axi_ethernet_0_1/bd_0/ip/ip_0/synth/bd_db91_eth_buf_0.vhd:166]
	Parameter C_FAMILY bound to: artix7 - type: string 
	Parameter C_TXMEM bound to: 4096 - type: integer 
	Parameter C_TEMAC_ADDR_WIDTH bound to: 12 - type: integer 
	Parameter C_RXMEM bound to: 4096 - type: integer 
	Parameter C_TXCSUM bound to: 0 - type: integer 
	Parameter C_RXCSUM bound to: 0 - type: integer 
	Parameter C_PHYADDR bound to: 1 - type: integer 
	Parameter C_AVB bound to: 0 - type: integer 
	Parameter C_STATS bound to: 1 - type: integer 
	Parameter C_PHY_TYPE bound to: 0 - type: integer 
	Parameter C_TYPE bound to: 0 - type: integer 
	Parameter C_TXVLAN_TRAN bound to: 0 - type: integer 
	Parameter C_RXVLAN_TRAN bound to: 0 - type: integer 
	Parameter C_TXVLAN_TAG bound to: 0 - type: integer 
	Parameter C_RXVLAN_TAG bound to: 0 - type: integer 
	Parameter C_TXVLAN_STRP bound to: 0 - type: integer 
	Parameter C_RXVLAN_STRP bound to: 0 - type: integer 
	Parameter C_MCAST_EXTEND bound to: 0 - type: integer 
	Parameter C_ENABLE_LVDS bound to: 0 - type: integer 
	Parameter C_ENABLE_1588 bound to: 0 - type: integer 
	Parameter C_SIMULATION bound to: 0 - type: integer 
	Parameter C_PHY_RST_COUNT bound to: 500 - type: integer 
INFO: [Synth 8-3491] module 'axi_ethernet_buffer_v2_0_20' declared at 'x:/My Documents/SeniorDesign/CyberTap/CyberTap.srcs/sources_1/bd/Ethernet/ipshared/b93a/hdl/axi_ethernet_buffer_v2_0_rfs.vhd:31906' bound to instance 'U0' of component 'axi_ethernet_buffer_v2_0_20' [x:/My Documents/SeniorDesign/CyberTap/CyberTap.srcs/sources_1/bd/Ethernet/ip/Ethernet_axi_ethernet_0_1/bd_0/ip/ip_0/synth/bd_db91_eth_buf_0.vhd:433]
INFO: [Synth 8-638] synthesizing module 'axi_lite_ipif' [x:/My Documents/SeniorDesign/CyberTap/CyberTap.srcs/sources_1/bd/Ethernet/ipshared/66ea/hdl/axi_lite_ipif_v3_0_vh_rfs.vhd:2948]
INFO: [Synth 8-638] synthesizing module 'slave_attachment' [x:/My Documents/SeniorDesign/CyberTap/CyberTap.srcs/sources_1/bd/Ethernet/ipshared/66ea/hdl/axi_lite_ipif_v3_0_vh_rfs.vhd:2341]
	Parameter C_ARD_ADDR_RANGE_ARRAY bound to: 128'b00000000000000000000000000000000000000000000000000000000000000000000000000000000000000000000000000000000000000111111111111111111 
	Parameter C_ARD_NUM_CE_ARRAY bound to: 32'b00000000000000000000000000000001 
	Parameter C_IPIF_ABUS_WIDTH bound to: 32 - type: integer 
	Parameter C_IPIF_DBUS_WIDTH bound to: 32 - type: integer 
	Parameter C_S_AXI_MIN_SIZE bound to: 262143 - type: integer 
	Parameter C_USE_WSTRB bound to: 0 - type: integer 
	Parameter C_DPHASE_TIMEOUT bound to: 42 - type: integer 
	Parameter C_FAMILY bound to: artix7 - type: string 
INFO: [Synth 8-638] synthesizing module 'address_decoder' [x:/My Documents/SeniorDesign/CyberTap/CyberTap.srcs/sources_1/bd/Ethernet/ipshared/66ea/hdl/axi_lite_ipif_v3_0_vh_rfs.vhd:1775]
	Parameter C_BUS_AWIDTH bound to: 18 - type: integer 
	Parameter C_S_AXI_MIN_SIZE bound to: 262143 - type: integer 
	Parameter C_ARD_ADDR_RANGE_ARRAY bound to: 128'b00000000000000000000000000000000000000000000000000000000000000000000000000000000000000000000000000000000000000111111111111111111 
	Parameter C_ARD_NUM_CE_ARRAY bound to: 32'b00000000000000000000000000000001 
	Parameter C_FAMILY bound to: nofamily - type: string 
INFO: [Synth 8-256] done synthesizing module 'address_decoder' (15#1) [x:/My Documents/SeniorDesign/CyberTap/CyberTap.srcs/sources_1/bd/Ethernet/ipshared/66ea/hdl/axi_lite_ipif_v3_0_vh_rfs.vhd:1775]
INFO: [Synth 8-226] default block is never used [x:/My Documents/SeniorDesign/CyberTap/CyberTap.srcs/sources_1/bd/Ethernet/ipshared/66ea/hdl/axi_lite_ipif_v3_0_vh_rfs.vhd:2550]
INFO: [Synth 8-256] done synthesizing module 'slave_attachment' (16#1) [x:/My Documents/SeniorDesign/CyberTap/CyberTap.srcs/sources_1/bd/Ethernet/ipshared/66ea/hdl/axi_lite_ipif_v3_0_vh_rfs.vhd:2341]
INFO: [Synth 8-256] done synthesizing module 'axi_lite_ipif' (17#1) [x:/My Documents/SeniorDesign/CyberTap/CyberTap.srcs/sources_1/bd/Ethernet/ipshared/66ea/hdl/axi_lite_ipif_v3_0_vh_rfs.vhd:2948]
INFO: [Synth 8-638] synthesizing module 'blk_mem_gen_wrapper' [x:/My Documents/SeniorDesign/CyberTap/CyberTap.srcs/sources_1/bd/Ethernet/ipshared/7268/hdl/lib_bmg_v1_0_rfs.vhd:196]
INFO: [Synth 8-256] done synthesizing module 'blk_mem_gen_wrapper' (29#1) [x:/My Documents/SeniorDesign/CyberTap/CyberTap.srcs/sources_1/bd/Ethernet/ipshared/7268/hdl/lib_bmg_v1_0_rfs.vhd:196]
INFO: [Synth 8-638] synthesizing module 'blk_mem_gen_wrapper__parameterized0' [x:/My Documents/SeniorDesign/CyberTap/CyberTap.srcs/sources_1/bd/Ethernet/ipshared/7268/hdl/lib_bmg_v1_0_rfs.vhd:196]
INFO: [Synth 8-256] done synthesizing module 'blk_mem_gen_wrapper__parameterized0' (29#1) [x:/My Documents/SeniorDesign/CyberTap/CyberTap.srcs/sources_1/bd/Ethernet/ipshared/7268/hdl/lib_bmg_v1_0_rfs.vhd:196]
INFO: [Synth 8-638] synthesizing module 'blk_mem_gen_wrapper__parameterized1' [x:/My Documents/SeniorDesign/CyberTap/CyberTap.srcs/sources_1/bd/Ethernet/ipshared/7268/hdl/lib_bmg_v1_0_rfs.vhd:196]
